Started GET "/" for 127.0.0.1 at 2021-12-09 16:31:27 -0300
Processing by HomeController#index as HTML
  Rendering layout layouts/application.html.erb
  Rendering home/index.html.erb within layouts/application
  Rendered home/index.html.erb within layouts/application (Duration: 4.4ms | Allocations: 2215)
  Rendered shared/_alerts.html.erb (Duration: 1.1ms | Allocations: 205)
  Rendered layout layouts/application.html.erb (Duration: 37.7ms | Allocations: 13898)
Completed 200 OK in 59ms (Views: 41.3ms | Allocations: 16681)
Started GET "/coins" for 127.0.0.1 at 2021-12-09 16:31:46 -0300
Processing by CoinsController#index as HTML
Completed 500 Internal Server Error in 7ms (Allocations: 2558)
  
ActiveRecord::ConnectionNotEstablished (No connection pool for 'ActiveRecord::Base' found.):
  
app/controllers/coins_controller.rb:70:in `set_mining_type'
Started GET "/" for 127.0.0.1 at 2021-12-09 16:31:48 -0300
Processing by HomeController#index as HTML
  Rendering layout layouts/application.html.erb
  Rendering home/index.html.erb within layouts/application
  Rendered home/index.html.erb within layouts/application (Duration: 0.5ms | Allocations: 137)
  Rendered shared/_alerts.html.erb (Duration: 0.1ms | Allocations: 19)
  Rendered layout layouts/application.html.erb (Duration: 3.2ms | Allocations: 770)
Completed 200 OK in 5ms (Views: 4.0ms | Allocations: 1192)
Started GET "/?locale=en" for 127.0.0.1 at 2021-12-09 16:31:49 -0300
Processing by HomeController#index as HTML
  Parameters: {"locale"=>"en"}
  Rendering layout layouts/application.html.erb
  Rendering home/index.html.erb within layouts/application
  Rendered home/index.html.erb within layouts/application (Duration: 0.7ms | Allocations: 148)
  Rendered shared/_alerts.html.erb (Duration: 0.1ms | Allocations: 19)
  Rendered layout layouts/application.html.erb (Duration: 23.8ms | Allocations: 876)
Completed 200 OK in 28ms (Views: 25.9ms | Allocations: 1807)
Started GET "/?locale=pt-BR" for 127.0.0.1 at 2021-12-09 16:31:52 -0300
Processing by HomeController#index as HTML
  Parameters: {"locale"=>"pt-BR"}
  Rendering layout layouts/application.html.erb
  Rendering home/index.html.erb within layouts/application
  Rendered home/index.html.erb within layouts/application (Duration: 0.5ms | Allocations: 136)
  Rendered shared/_alerts.html.erb (Duration: 0.1ms | Allocations: 19)
  Rendered layout layouts/application.html.erb (Duration: 3.0ms | Allocations: 757)
Completed 200 OK in 5ms (Views: 3.8ms | Allocations: 1196)
Started GET "/coins" for 127.0.0.1 at 2021-12-09 16:31:53 -0300
Processing by CoinsController#index as HTML
Completed 500 Internal Server Error in 1ms (Allocations: 340)
  
ActiveRecord::ConnectionNotEstablished (No connection pool for 'ActiveRecord::Base' found.):
  
app/controllers/coins_controller.rb:70:in `set_mining_type'
Started GET "/?locale=pt-BR" for 127.0.0.1 at 2021-12-09 16:31:55 -0300
Processing by HomeController#index as HTML
  Parameters: {"locale"=>"pt-BR"}
  Rendering layout layouts/application.html.erb
  Rendering home/index.html.erb within layouts/application
  Rendered home/index.html.erb within layouts/application (Duration: 0.7ms | Allocations: 136)
  Rendered shared/_alerts.html.erb (Duration: 0.1ms | Allocations: 19)
  Rendered layout layouts/application.html.erb (Duration: 4.2ms | Allocations: 758)
Completed 200 OK in 7ms (Views: 5.3ms | Allocations: 1199)
Started GET "/" for 127.0.0.1 at 2021-12-09 16:31:58 -0300
Processing by HomeController#index as HTML
  Rendering layout layouts/application.html.erb
  Rendering home/index.html.erb within layouts/application
  Rendered home/index.html.erb within layouts/application (Duration: 0.5ms | Allocations: 136)
  Rendered shared/_alerts.html.erb (Duration: 0.1ms | Allocations: 19)
  Rendered layout layouts/application.html.erb (Duration: 3.1ms | Allocations: 757)
Completed 200 OK in 5ms (Views: 3.9ms | Allocations: 1202)
Started GET "/?locale=en" for 127.0.0.1 at 2021-12-09 16:32:00 -0300
Processing by HomeController#index as HTML
  Parameters: {"locale"=>"en"}
  Rendering layout layouts/application.html.erb
  Rendering home/index.html.erb within layouts/application
  Rendered home/index.html.erb within layouts/application (Duration: 0.6ms | Allocations: 136)
  Rendered shared/_alerts.html.erb (Duration: 0.1ms | Allocations: 19)
  Rendered layout layouts/application.html.erb (Duration: 3.0ms | Allocations: 758)
Completed 200 OK in 5ms (Views: 4.0ms | Allocations: 1210)
Started GET "/coins" for 127.0.0.1 at 2021-12-09 16:32:01 -0300
Processing by CoinsController#index as HTML
Completed 500 Internal Server Error in 2ms (Allocations: 340)
  
ActiveRecord::ConnectionNotEstablished (No connection pool for 'ActiveRecord::Base' found.):
  
app/controllers/coins_controller.rb:70:in `set_mining_type'
Started GET "/?locale=en" for 127.0.0.1 at 2021-12-09 16:32:02 -0300
Processing by HomeController#index as HTML
  Parameters: {"locale"=>"en"}
  Rendering layout layouts/application.html.erb
  Rendering home/index.html.erb within layouts/application
  Rendered home/index.html.erb within layouts/application (Duration: 0.4ms | Allocations: 136)
  Rendered shared/_alerts.html.erb (Duration: 0.1ms | Allocations: 19)
  Rendered layout layouts/application.html.erb (Duration: 3.4ms | Allocations: 759)
Completed 200 OK in 5ms (Views: 4.0ms | Allocations: 1194)
Started GET "/?locale=pt-BR" for 127.0.0.1 at 2021-12-09 16:32:03 -0300
Processing by HomeController#index as HTML
  Parameters: {"locale"=>"pt-BR"}
  Rendering layout layouts/application.html.erb
  Rendering home/index.html.erb within layouts/application
  Rendered home/index.html.erb within layouts/application (Duration: 0.6ms | Allocations: 136)
  Rendered shared/_alerts.html.erb (Duration: 0.1ms | Allocations: 19)
  Rendered layout layouts/application.html.erb (Duration: 3.3ms | Allocations: 757)
Completed 200 OK in 5ms (Views: 4.1ms | Allocations: 1208)
Started GET "/coins" for 127.0.0.1 at 2021-12-09 16:32:04 -0300
Processing by CoinsController#index as HTML
Completed 500 Internal Server Error in 1ms (Allocations: 362)
  
ActiveRecord::ConnectionNotEstablished (No connection pool for 'ActiveRecord::Base' found.):
  
app/controllers/coins_controller.rb:70:in `set_mining_type'
Started GET "/?locale=pt-BR" for 127.0.0.1 at 2021-12-09 16:32:07 -0300
Processing by HomeController#index as HTML
  Parameters: {"locale"=>"pt-BR"}
  Rendering layout layouts/application.html.erb
  Rendering home/index.html.erb within layouts/application
  Rendered home/index.html.erb within layouts/application (Duration: 0.4ms | Allocations: 136)
  Rendered shared/_alerts.html.erb (Duration: 0.1ms | Allocations: 19)
  Rendered layout layouts/application.html.erb (Duration: 2.3ms | Allocations: 757)
Completed 200 OK in 5ms (Views: 3.1ms | Allocations: 1211)
Started GET "/" for 127.0.0.1 at 2021-12-09 16:32:29 -0300
Processing by HomeController#index as HTML
  Rendering layout layouts/application.html.erb
  Rendering home/index.html.erb within layouts/application
  Rendered home/index.html.erb within layouts/application (Duration: 4.6ms | Allocations: 2207)
  Rendered shared/_alerts.html.erb (Duration: 0.8ms | Allocations: 205)
  Rendered layout layouts/application.html.erb (Duration: 31.3ms | Allocations: 13875)
Completed 200 OK in 55ms (Views: 35.4ms | Allocations: 16787)
Started GET "/coins" for 127.0.0.1 at 2021-12-09 16:32:31 -0300
Processing by CoinsController#index as HTML
Completed 500 Internal Server Error in 5ms (Allocations: 2571)
  
ActiveRecord::ConnectionNotEstablished (No connection pool for 'ActiveRecord::Base' found.):
  
app/controllers/coins_controller.rb:70:in `set_mining_type'
Started GET "/" for 127.0.0.1 at 2021-12-09 16:32:33 -0300
Processing by HomeController#index as HTML
  Rendering layout layouts/application.html.erb
  Rendering home/index.html.erb within layouts/application
  Rendered home/index.html.erb within layouts/application (Duration: 0.4ms | Allocations: 137)
  Rendered shared/_alerts.html.erb (Duration: 0.1ms | Allocations: 19)
  Rendered layout layouts/application.html.erb (Duration: 3.6ms | Allocations: 770)
Completed 200 OK in 5ms (Views: 4.4ms | Allocations: 1211)
